[ 50%] [32mBuilding CXX object CMakeFiles/move.dir/src/move.cpp.o[0m
[01m[K/home/liror/practice_ws/src/robot_cleaner/src/move.cpp:53:2:[m[K [01;31m[Kerror: [m[Kexpected â€˜[01m[K;[m[Kâ€™ after class definition
   53 | }
      |  [01;31m[K^[m[K
      |  [32m[K;[m[K
[01m[K/home/liror/practice_ws/src/robot_cleaner/src/move.cpp:[m[K In constructor â€˜[01m[KRobotCleaner::[01;32m[KRobotCleaner[m[K()[m[Kâ€™:
[01m[K/home/liror/practice_ws/src/robot_cleaner/src/move.cpp:9:17:[m[K [01;31m[Kerror: [m[Kâ€˜[01m[Kpublisher[m[Kâ€™ was not declared in this scope; did you mean â€˜[01m[Kpublisher_[m[Kâ€™?
    9 |                 [01;31m[Kpublisher[m[K = this->create_publisher<geometry_msgs::msg::Twist>("/turtle1/cmd_vel", 10);
      |                 [01;31m[K^~~~~~~~~[m[K
      |                 [32m[Kpublisher_[m[K
[01m[K/home/liror/practice_ws/src/robot_cleaner/src/move.cpp:[m[K In member function â€˜[01m[Kvoid RobotCleaner::[01;32m[Kmove[m[K()[m[Kâ€™:
[01m[K/home/liror/practice_ws/src/robot_cleaner/src/move.cpp:23:21:[m[K [01;31m[Kerror: [m[Kâ€˜[01m[Kcin[m[Kâ€™ was not declared in this scope; did you mean â€˜[01m[Kstd::cin[m[Kâ€™?
   23 |                 std:[01;31m[Kcin[m[K >> distance;
      |                     [01;31m[K^~~[m[K
      |                     [32m[Kstd::cin[m[K
In file included from [01m[K/opt/ros/jazzy/include/rclcpp/rclcpp/parameter.hpp:18[m[K,
                 from [01m[K/opt/ros/jazzy/include/rclcpp/rclcpp/copy_all_parameter_values.hpp:25[m[K,
                 from [01m[K/opt/ros/jazzy/include/rclcpp/rclcpp/rclcpp.hpp:171[m[K,
                 from [01m[K/home/liror/practice_ws/src/robot_cleaner/src/move.cpp:1[m[K:
[01m[K/usr/include/c++/13/iostream:62:18:[m[K [01;36m[Knote: [m[Kâ€˜[01m[Kstd::cin[m[Kâ€™ declared here
   62 |   extern istream [01;36m[Kcin[m[K;           ///< Linked to standard input
      |                  [01;36m[K^~~[m[K
[01m[K/home/liror/practice_ws/src/robot_cleaner/src/move.cpp:26:17:[m[K [01;31m[Kerror: [m[Kduplicate label â€˜[01m[Kstd[m[Kâ€™
   26 |                 [01;31m[Kstd[m[K:cin >> is_forward;
      |                 [01;31m[K^~~[m[K
[01m[K/home/liror/practice_ws/src/robot_cleaner/src/move.cpp:23:17:[m[K [01;35m[Kwarning: [m[Klabel â€˜[01m[Kstd[m[Kâ€™ defined but not used [[01;35m[K]8;;https://gcc.gnu.org/onlinedocs/gcc/Warning-Options.html#index-Wunused-label-Wunused-label]8;;[m[K]
   23 |                 [01;35m[Kstd[m[K:cin >> distance;
      |                 [01;35m[K^~~[m[K
gmake[2]: *** [CMakeFiles/move.dir/build.make:76: CMakeFiles/move.dir/src/move.cpp.o] Error 1
gmake[1]: *** [CMakeFiles/Makefile2:137: CMakeFiles/move.dir/all] Error 2
gmake: *** [Makefile:146: all] Error 2
