[01m[K/home/liror/practice_ws/src/robot_cleaner/src/move.cpp:53:2:[m[K [01;31m[Kerror: [m[Kexpected â€˜[01m[K;[m[Kâ€™ after class definition
   53 | }
      |  [01;31m[K^[m[K
      |  [32m[K;[m[K
[01m[K/home/liror/practice_ws/src/robot_cleaner/src/move.cpp:[m[K In constructor â€˜[01m[KRobotCleaner::[01;32m[KRobotCleaner[m[K()[m[Kâ€™:
[01m[K/home/liror/practice_ws/src/robot_cleaner/src/move.cpp:9:17:[m[K [01;31m[Kerror: [m[Kâ€˜[01m[Kpublisher[m[Kâ€™ was not declared in this scope; did you mean â€˜[01m[Kpublisher_[m[Kâ€™?
    9 |                 [01;31m[Kpublisher[m[K = this->create_publisher<geometry_msgs::msg::Twist>("/turtle1/cmd_vel", 10);
      |                 [01;31m[K^~~~~~~~~[m[K
      |                 [32m[Kpublisher_[m[K
gmake[2]: *** [CMakeFiles/move.dir/build.make:76: CMakeFiles/move.dir/src/move.cpp.o] Error 1
gmake[1]: *** [CMakeFiles/Makefile2:137: CMakeFiles/move.dir/all] Error 2
gmake: *** [Makefile:146: all] Error 2
