[01m[K/home/liror/practice_ws/src/robot_cleaner/src/gotogoal.cpp:[m[K In member function â€˜[01m[Kvoid TurtleBot::[01;32m[Kgotogoal[m[K()[m[Kâ€™:
[01m[K/home/liror/practice_ws/src/robot_cleaner/src/gotogoal.cpp:55:17:[m[K [01;31m[Kerror: [m[Kâ€˜[01m[Kcout[m[Kâ€™ was not declared in this scope; did you mean â€˜[01m[Kstd::cout[m[Kâ€™?
   55 |                 [01;31m[Kcout[m[K << "Set your x goal: ";
      |                 [01;31m[K^~~~[m[K
      |                 [32m[Kstd::cout[m[K
In file included from [01m[K/home/liror/practice_ws/src/robot_cleaner/src/gotogoal.cpp:2[m[K:
[01m[K/usr/include/c++/13/iostream:63:18:[m[K [01;36m[Knote: [m[Kâ€˜[01m[Kstd::cout[m[Kâ€™ declared here
   63 |   extern ostream [01;36m[Kcout[m[K;          ///< Linked to standard output
      |                  [01;36m[K^~~~[m[K
[01m[K/home/liror/practice_ws/src/robot_cleaner/src/gotogoal.cpp:56:17:[m[K [01;31m[Kerror: [m[Kâ€˜[01m[Kcin[m[Kâ€™ was not declared in this scope; did you mean â€˜[01m[Kstd::cin[m[Kâ€™?
   56 |                 [01;31m[Kcin[m[K >> goal_pose.x;
      |                 [01;31m[K^~~[m[K
      |                 [32m[Kstd::cin[m[K
[01m[K/usr/include/c++/13/iostream:62:18:[m[K [01;36m[Knote: [m[Kâ€˜[01m[Kstd::cin[m[Kâ€™ declared here
   62 |   extern istream [01;36m[Kcin[m[K;           ///< Linked to standard input
      |                  [01;36m[K^~~[m[K
gmake[2]: *** [CMakeFiles/goto.dir/build.make:76: CMakeFiles/goto.dir/src/gotogoal.cpp.o] Error 1
gmake[1]: *** [CMakeFiles/Makefile2:193: CMakeFiles/goto.dir/all] Error 2
gmake: *** [Makefile:146: all] Error 2
