[0.011s] Invoking command in '/home/liror/practice_ws/build/robot_cleaner': CMAKE_PREFIX_PATH=${CMAKE_PREFIX_PATH}:/opt/ros/jazzy DEBUGINFOD_URLS=https://debuginfod.ubuntu.com /usr/bin/cmake --build /home/liror/practice_ws/build/robot_cleaner -- -j2 -l2
[0.060s] [ 33%] Built target move
[0.061s] [ 66%] Built target rotate
[0.084s] [ 83%] [32mBuilding CXX object CMakeFiles/goto.dir/src/gotogoal.cpp.o[0m
[1.783s] [01m[K/home/liror/practice_ws/src/robot_cleaner/src/gotogoal.cpp:[m[K In constructor â€˜[01m[KTurtleBot::[01;32m[KTurtleBot[m[K()[m[Kâ€™:
[1.783s] [01m[K/home/liror/practice_ws/src/robot_cleaner/src/gotogoal.cpp:19:87:[m[K [01;31m[Kerror: [m[Kâ€˜[01m[K_1[m[Kâ€™ was not declared in this scope; did you mean â€˜[01m[Kstd::placeholders::_1[m[Kâ€™?
[1.783s]    19 | rtle1/pose", 10, std::bind(&TurtleBot::update_pose, this, [01;31m[K_1[m[K));
[1.783s]       |                                                           [01;31m[K^~[m[K
[1.783s]       |                                                           [32m[Kstd::placeholders::_1[m[K
[1.783s] In file included from [01m[K/opt/ros/jazzy/include/rclcpp/rclcpp/utilities.hpp:19[m[K,
[1.784s]                  from [01m[K/opt/ros/jazzy/include/rclcpp/rclcpp/logging.hpp:25[m[K,
[1.784s]                  from [01m[K/opt/ros/jazzy/include/rclcpp/rclcpp/copy_all_parameter_values.hpp:27[m[K,
[1.784s]                  from [01m[K/opt/ros/jazzy/include/rclcpp/rclcpp/rclcpp.hpp:171[m[K,
[1.784s]                  from [01m[K/home/liror/practice_ws/src/robot_cleaner/src/gotogoal.cpp:3[m[K:
[1.784s] [01m[K/usr/include/c++/13/functional:294:48:[m[K [01;36m[Knote: [m[Kâ€˜[01m[Kstd::placeholders::_1[m[Kâ€™ declared here
[1.784s]   294 |     _GLIBCXX_PLACEHOLDER const _Placeholder<1> [01;36m[K_1[m[K;
[1.784s]       |                                                [01;36m[K^~[m[K
[1.785s] [01m[K/home/liror/practice_ws/src/robot_cleaner/src/gotogoal.cpp:[m[K In member function â€˜[01m[Kvoid TurtleBot::[01;32m[Kgotogoal[m[K()[m[Kâ€™:
[1.786s] [01m[K/home/liror/practice_ws/src/robot_cleaner/src/gotogoal.cpp:78:63:[m[K [01;31m[Kerror: [m[Kâ€˜[01m[Kendl[m[Kâ€™ was not declared in this scope; did you mean â€˜[01m[Kstd::endl[m[Kâ€™?
[1.786s]    78 |             std::cout << euclidean_distance(goal_pose) << [01;31m[Kendl[m[K;
[1.786s]       |                                                           [01;31m[K^~~~[m[K
[1.786s]       |                                                           [32m[Kstd::endl[m[K
[1.786s] In file included from [01m[K/usr/include/c++/13/istream:41[m[K,
[1.786s]                  from [01m[K/usr/include/c++/13/sstream:40[m[K,
[1.786s]                  from [01m[K/opt/ros/jazzy/include/rcl_interfaces/rcl_interfaces/srv/detail/list_parameters__traits.hpp:13[m[K,
[1.786s]                  from [01m[K/opt/ros/jazzy/include/rcl_interfaces/rcl_interfaces/srv/list_parameters.hpp:9[m[K,
[1.786s]                  from [01m[K/opt/ros/jazzy/include/rclcpp/rclcpp/copy_all_parameter_values.hpp:21[m[K:
[1.786s] [01m[K/usr/include/c++/13/ostream:735:5:[m[K [01;36m[Knote: [m[Kâ€˜[01m[Kstd::endl[m[Kâ€™ declared here
[1.786s]   735 |     [01;36m[Kendl[m[K(basic_ostream<_CharT, _Traits>& __os)
[1.786s]       |     [01;36m[K^~~~[m[K
[2.539s] gmake[2]: *** [CMakeFiles/goto.dir/build.make:76: CMakeFiles/goto.dir/src/gotogoal.cpp.o] Error 1
[2.539s] gmake[1]: *** [CMakeFiles/Makefile2:193: CMakeFiles/goto.dir/all] Error 2
[2.541s] gmake: *** [Makefile:146: all] Error 2
[2.542s] Invoked command in '/home/liror/practice_ws/build/robot_cleaner' returned '2': CMAKE_PREFIX_PATH=${CMAKE_PREFIX_PATH}:/opt/ros/jazzy DEBUGINFOD_URLS=https://debuginfod.ubuntu.com /usr/bin/cmake --build /home/liror/practice_ws/build/robot_cleaner -- -j2 -l2
