[ 50%] [32mBuilding CXX object CMakeFiles/move.dir/src/move.cpp.o[0m
[01m[K/home/liror/practice_ws/src/robot_cleaner/src/move.cpp:53:2:[m[K [01;31m[Kerror: [m[Kexpected â€˜[01m[K;[m[Kâ€™ after class definition
   53 | }
      |  [01;31m[K^[m[K
      |  [32m[K;[m[K
gmake[2]: *** [CMakeFiles/move.dir/build.make:76: CMakeFiles/move.dir/src/move.cpp.o] Error 1
gmake[1]: *** [CMakeFiles/Makefile2:137: CMakeFiles/move.dir/all] Error 2
gmake: *** [Makefile:146: all] Error 2
